2026-06-15T00:58:29 | INFO     | news_pipeline.app | app:57 | Starting News Pipeline API …
2026-06-15T00:58:34 | ERROR    | news_pipeline.database | database:116 | Could not connect to PostgreSQL: (psycopg2.OperationalError) connection to server at "localhost" (::1), port 5432 failed: Connection refused (0x0000274D/10061)
	Is the server running on that host and accepting TCP/IP connections?
connection to server at "localhost" (127.0.0.1), port 5432 failed: Connection refused (0x0000274D/10061)
	Is the server running on that host and accepting TCP/IP connections?

(Background on this error at: https://sqlalche.me/e/20/e3q8)
2026-06-15T00:58:34 | WARNING  | news_pipeline.app | app:62 | Database not reachable at startup — some endpoints will return 503.
2026-06-15T01:00:39 | INFO     | news_pipeline.app | app:66 | Shutting down News Pipeline API.
2026-06-15T09:30:54 | INFO     | news_pipeline.app | app:57 | Starting News Pipeline API …
2026-06-15T11:36:17 | INFO     | news_pipeline.app | app:57 | Starting News Pipeline API …
2026-06-15T11:36:17 | ERROR    | news_pipeline.database | database:116 | Could not connect to PostgreSQL: (psycopg2.OperationalError) connection to server at "localhost" (::1), port 5432 failed: FATAL:  password authentication failed for user "postgres"

(Background on this error at: https://sqlalche.me/e/20/e3q8)
2026-06-15T11:36:17 | WARNING  | news_pipeline.app | app:62 | Database not reachable at startup — some endpoints will return 503.
2026-06-15T11:38:28 | INFO     | news_pipeline.app | app:66 | Shutting down News Pipeline API.
2026-06-15T12:16:23 | INFO     | news_pipeline.app | app:57 | Starting News Pipeline API …
2026-06-15T12:16:23 | ERROR    | news_pipeline.database | database:116 | Could not connect to PostgreSQL: (psycopg2.OperationalError) connection to server at "localhost" (::1), port 5432 failed: FATAL:  password authentication failed for user "postgres"

(Background on this error at: https://sqlalche.me/e/20/e3q8)
2026-06-15T12:16:23 | WARNING  | news_pipeline.app | app:62 | Database not reachable at startup — some endpoints will return 503.
2026-06-15T12:17:41 | INFO     | news_pipeline.app | app:66 | Shutting down News Pipeline API.
2026-06-15T13:55:54 | INFO     | news_pipeline.app | app:57 | Starting News Pipeline API …
2026-06-15T13:55:54 | INFO     | news_pipeline.database | database:41 | MongoDB client created for URI: mongodb://localhost:27017/news_detection
2026-06-15T13:55:54 | INFO     | news_pipeline.database | database:88 | MongoDB indexes verified on db='news_detection' collection='articles'.
2026-06-15T13:55:54 | INFO     | news_pipeline.app | app:60 | Database ready.
2026-06-15T15:32:27 | INFO     | news_pipeline.app | app:66 | Shutting down News Pipeline API.
2026-06-15T15:33:39 | INFO     | news_pipeline.app | app:57 | Starting News Pipeline API …
2026-06-15T15:33:39 | INFO     | news_pipeline.database | database:41 | MongoDB client created for URI: mongodb://localhost:27017/news_detection
2026-06-15T15:33:39 | INFO     | news_pipeline.database | database:88 | MongoDB indexes verified on db='news_detection' collection='articles'.
2026-06-15T15:33:39 | INFO     | news_pipeline.app | app:60 | Database ready.
2026-06-15T21:22:01 | INFO     | news_pipeline.app | app:66 | Shutting down News Pipeline API.
2026-06-15T22:33:59 | INFO     | news_pipeline.app | app:57 | Starting News Pipeline API …
2026-06-15T22:34:00 | INFO     | news_pipeline.database | database:41 | MongoDB client created for URI: mongodb://localhost:27017/news_detection
2026-06-15T22:34:00 | INFO     | news_pipeline.database | database:88 | MongoDB indexes verified on db='news_detection' collection='articles'.
2026-06-15T22:34:00 | INFO     | news_pipeline.app | app:60 | Database ready.
2026-06-15T22:34:29 | INFO     | news_pipeline.app | app:100 | → GET /health
2026-06-15T22:34:30 | INFO     | news_pipeline.app | app:103 | ← GET /health  status=200  133.6ms
2026-06-15T22:35:06 | INFO     | news_pipeline.app | app:100 | → POST /collect/api
2026-06-15T22:35:06 | INFO     | news_pipeline.app | app:164 | POST /collect/api  provider=newsapi query='artificial intelligence'
2026-06-15T22:35:06 | INFO     | news_pipeline.news_collector | news_collector:294 | collect_articles: provider=newsapi query='artificial intelligence' category=None page=1
2026-06-15T22:35:06 | WARNING  | news_pipeline.news_collector | news_collector:61 | NEWS_API_KEY not set — skipping NewsAPI collection.
2026-06-15T22:35:06 | INFO     | news_pipeline.app | app:195 | collect/api done: collected=0 stored=0 dups=0 errors=0
2026-06-15T22:35:06 | INFO     | news_pipeline.app | app:103 | ← POST /collect/api  status=200  13.0ms
2026-06-15T22:36:41 | INFO     | news_pipeline.app | app:100 | → POST /collect/api
2026-06-15T22:36:41 | INFO     | news_pipeline.app | app:164 | POST /collect/api  provider=gnews query='technology'
2026-06-15T22:36:41 | INFO     | news_pipeline.news_collector | news_collector:294 | collect_articles: provider=gnews query='technology' category=None page=1
2026-06-15T22:36:41 | WARNING  | news_pipeline.news_collector | news_collector:143 | GNEWS_API_KEY not set — skipping GNews collection.
2026-06-15T22:36:41 | INFO     | news_pipeline.app | app:195 | collect/api done: collected=0 stored=0 dups=0 errors=0
2026-06-15T22:36:41 | INFO     | news_pipeline.app | app:103 | ← POST /collect/api  status=200  4.5ms
2026-06-15T22:42:21 | INFO     | news_pipeline.app | app:100 | → POST /collect/api
2026-06-15T22:42:21 | INFO     | news_pipeline.app | app:164 | POST /collect/api  provider=rss query='politics'
2026-06-15T22:42:21 | INFO     | news_pipeline.news_collector | news_collector:294 | collect_articles: provider=rss query='politics' category=None page=1
2026-06-15T22:42:21 | WARNING  | news_pipeline.news_collector | news_collector:214 | No RSS feed URLs configured or provided.
2026-06-15T22:42:21 | INFO     | news_pipeline.app | app:195 | collect/api done: collected=0 stored=0 dups=0 errors=0
2026-06-15T22:42:21 | INFO     | news_pipeline.app | app:103 | ← POST /collect/api  status=200  5.2ms
2026-06-15T22:44:11 | INFO     | news_pipeline.app | app:100 | → GET /health
2026-06-15T22:44:11 | INFO     | news_pipeline.app | app:103 | ← GET /health  status=200  4.6ms
2026-06-15T22:44:19 | INFO     | news_pipeline.app | app:100 | → POST /collect/api
2026-06-15T22:44:19 | INFO     | news_pipeline.app | app:164 | POST /collect/api  provider=newsapi query='artificial intelligence'
2026-06-15T22:44:19 | INFO     | news_pipeline.news_collector | news_collector:294 | collect_articles: provider=newsapi query='artificial intelligence' category=None page=1
2026-06-15T22:44:19 | WARNING  | news_pipeline.news_collector | news_collector:61 | NEWS_API_KEY not set — skipping NewsAPI collection.
2026-06-15T22:44:19 | INFO     | news_pipeline.app | app:195 | collect/api done: collected=0 stored=0 dups=0 errors=0
2026-06-15T22:44:19 | INFO     | news_pipeline.app | app:103 | ← POST /collect/api  status=200  7.4ms
2026-06-15T22:44:26 | INFO     | news_pipeline.app | app:100 | → POST /collect/api
2026-06-15T22:44:26 | INFO     | news_pipeline.app | app:164 | POST /collect/api  provider=gnews query='technology'
2026-06-15T22:44:26 | INFO     | news_pipeline.news_collector | news_collector:294 | collect_articles: provider=gnews query='technology' category=None page=1
2026-06-15T22:44:26 | WARNING  | news_pipeline.news_collector | news_collector:143 | GNEWS_API_KEY not set — skipping GNews collection.
2026-06-15T22:44:26 | INFO     | news_pipeline.app | app:195 | collect/api done: collected=0 stored=0 dups=0 errors=0
2026-06-15T22:44:26 | INFO     | news_pipeline.app | app:103 | ← POST /collect/api  status=200  8.2ms
2026-06-15T22:44:32 | INFO     | news_pipeline.app | app:100 | → POST /collect/api
2026-06-15T22:44:32 | INFO     | news_pipeline.app | app:164 | POST /collect/api  provider=rss query='politics'
2026-06-15T22:44:32 | INFO     | news_pipeline.news_collector | news_collector:294 | collect_articles: provider=rss query='politics' category=None page=1
2026-06-15T22:44:32 | WARNING  | news_pipeline.news_collector | news_collector:214 | No RSS feed URLs configured or provided.
2026-06-15T22:44:32 | INFO     | news_pipeline.app | app:195 | collect/api done: collected=0 stored=0 dups=0 errors=0
2026-06-15T22:44:32 | INFO     | news_pipeline.app | app:103 | ← POST /collect/api  status=200  4.4ms
2026-06-15T22:44:47 | INFO     | news_pipeline.app | app:100 | → POST /collect/api
2026-06-15T22:44:47 | INFO     | news_pipeline.app | app:164 | POST /collect/api  provider=rss query='politics'
2026-06-15T22:44:47 | INFO     | news_pipeline.news_collector | news_collector:294 | collect_articles: provider=rss query='politics' category=None page=1
2026-06-15T22:44:47 | WARNING  | news_pipeline.news_collector | news_collector:214 | No RSS feed URLs configured or provided.
2026-06-15T22:44:47 | INFO     | news_pipeline.app | app:195 | collect/api done: collected=0 stored=0 dups=0 errors=0
2026-06-15T22:44:47 | INFO     | news_pipeline.app | app:103 | ← POST /collect/api  status=200  4.3ms
2026-06-15T22:44:58 | INFO     | news_pipeline.app | app:100 | → POST /collect/url
2026-06-15T22:44:58 | INFO     | news_pipeline.app | app:220 | POST /collect/url  url=https://www.bbc.com/news  playwright=False
2026-06-15T22:44:58 | INFO     | news_pipeline.scraper | scraper:57 | Scraping URL: https://www.bbc.com/news (playwright=False)
2026-06-15T22:44:59 | INFO     | news_pipeline.database | database:148 | Stored new article id=284f141a-853f-52b0-a0ed-7a94e1166836 title='BBC News - Breaking news, video and the latest top stories f'
2026-06-15T22:44:59 | INFO     | news_pipeline.app | app:232 | collect/url: Article stored.  article_id=284f141a-853f-52b0-a0ed-7a94e1166836
2026-06-15T22:44:59 | INFO     | news_pipeline.app | app:103 | ← POST /collect/url  status=200  1277.6ms
2026-06-15T22:45:19 | INFO     | news_pipeline.app | app:100 | → POST /collect/url
2026-06-15T22:45:19 | INFO     | news_pipeline.app | app:220 | POST /collect/url  url=https://techcrunch.com  playwright=True
2026-06-15T22:45:19 | INFO     | news_pipeline.scraper | scraper:57 | Scraping URL: https://techcrunch.com (playwright=True)
2026-06-15T22:45:27 | INFO     | news_pipeline.app | app:100 | → POST /clean
2026-06-15T22:45:27 | INFO     | news_pipeline.app | app:251 | POST /clean  html_len=84
2026-06-15T22:45:27 | INFO     | news_pipeline.app | app:103 | ← POST /clean  status=200  10.7ms
2026-06-15T22:45:33 | INFO     | news_pipeline.app | app:100 | → GET /articles
2026-06-15T22:45:33 | INFO     | news_pipeline.app | app:103 | ← GET /articles  status=200  12.4ms
2026-06-15T22:45:40 | INFO     | news_pipeline.app | app:100 | → GET /article/YOUR_ARTICLE_ID
2026-06-15T22:45:40 | INFO     | news_pipeline.app | app:296 | GET /article/YOUR_ARTICLE_ID
2026-06-15T22:45:40 | INFO     | news_pipeline.app | app:103 | ← GET /article/YOUR_ARTICLE_ID  status=404  10.0ms
